2020-12-11 14:11:12.120  INFO 12964 --- [main] security.SecurityApplication             : Starting SecurityApplication using Java 1.8.0_65 on DESKTOP-GBFCAQB with PID 12964 (G:\java\security\target\classes started by 17694 in G:\java)
2020-12-11 14:11:12.125  INFO 12964 --- [main] security.SecurityApplication             : No active profile set, falling back to default profiles: default
2020-12-11 14:11:13.175  INFO 12964 --- [main] o.s.b.w.embedded.tomcat.TomcatWebServer  : Tomcat initialized with port(s): 8080 (http)
2020-12-11 14:11:13.190  INFO 12964 --- [main] o.apache.catalina.core.StandardService   : Starting service [Tomcat]
2020-12-11 14:11:13.190  INFO 12964 --- [main] org.apache.catalina.core.StandardEngine  : Starting Servlet engine: [Apache Tomcat/9.0.39]
2020-12-11 14:11:13.271  INFO 12964 --- [main] o.a.c.c.C.[Tomcat].[localhost].[/]       : Initializing Spring embedded WebApplicationContext
2020-12-11 14:11:13.271  INFO 12964 --- [main] w.s.c.ServletWebServerApplicationContext : Root WebApplicationContext: initialization completed in 1078 ms
2020-12-11 14:11:13.508  INFO 12964 --- [main] o.s.s.concurrent.ThreadPoolTaskExecutor  : Initializing ExecutorService 'applicationTaskExecutor'
2020-12-11 14:11:13.745  INFO 12964 --- [main] .s.s.UserDetailsServiceAutoConfiguration : 

Using generated security password: 9d28b9e7-8126-41f3-bb43-459d2cf3a03a

2020-12-11 14:11:13.867  INFO 12964 --- [main] o.s.s.web.DefaultSecurityFilterChain     : Will secure any request with [org.springframework.security.web.context.request.async.WebAsyncManagerIntegrationFilter@15fd838, org.springframework.security.web.context.SecurityContextPersistenceFilter@1755813, org.springframework.security.web.header.HeaderWriterFilter@151da2a, org.springframework.security.web.csrf.CsrfFilter@7abc48, org.springframework.security.web.authentication.logout.LogoutFilter@303475, org.springframework.security.web.authentication.UsernamePasswordAuthenticationFilter@1d200de, org.springframework.security.web.authentication.ui.DefaultLoginPageGeneratingFilter@1cca8d3, org.springframework.security.web.authentication.ui.DefaultLogoutPageGeneratingFilter@1005a0b, org.springframework.security.web.authentication.www.BasicAuthenticationFilter@1a89729, org.springframework.security.web.savedrequest.RequestCacheAwareFilter@1da207f, org.springframework.security.web.servletapi.SecurityContextHolderAwareRequestFilter@9456ae, org.springframework.security.web.authentication.AnonymousAuthenticationFilter@1e879d, org.springframework.security.web.session.SessionManagementFilter@de58ea, org.springframework.security.web.access.ExceptionTranslationFilter@1af2337, org.springframework.security.web.access.intercept.FilterSecurityInterceptor@8cd519]
2020-12-11 14:11:13.945  INFO 12964 --- [main] o.s.b.w.embedded.tomcat.TomcatWebServer  : Tomcat started on port(s): 8080 (http) with context path ''
2020-12-11 14:11:13.961  INFO 12964 --- [main] security.SecurityApplication             : Started SecurityApplication in 2.476 seconds (JVM running for 3.767)
2020-12-11 14:11:25.250  INFO 12964 --- [http-nio-8080-exec-1] o.a.c.c.C.[Tomcat].[localhost].[/]       : Initializing Spring DispatcherServlet 'dispatcherServlet'
2020-12-11 14:11:25.250  INFO 12964 --- [http-nio-8080-exec-1] o.s.web.servlet.DispatcherServlet        : Initializing Servlet 'dispatcherServlet'
2020-12-11 14:11:25.251  INFO 12964 --- [http-nio-8080-exec-1] o.s.web.servlet.DispatcherServlet        : Completed initialization in 1 ms
2020-12-11 14:14:18.205  INFO 7524 --- [main] security.SecurityApplication             : Starting SecurityApplication using Java 1.8.0_65 on DESKTOP-GBFCAQB with PID 7524 (G:\java\security\target\classes started by 17694 in G:\java)
2020-12-11 14:14:18.209  INFO 7524 --- [main] security.SecurityApplication             : No active profile set, falling back to default profiles: default
2020-12-11 14:14:19.196  INFO 7524 --- [main] o.s.b.w.embedded.tomcat.TomcatWebServer  : Tomcat initialized with port(s): 8080 (http)
2020-12-11 14:14:19.209  INFO 7524 --- [main] o.apache.catalina.core.StandardService   : Starting service [Tomcat]
2020-12-11 14:14:19.209  INFO 7524 --- [main] org.apache.catalina.core.StandardEngine  : Starting Servlet engine: [Apache Tomcat/9.0.39]
2020-12-11 14:14:19.285  INFO 7524 --- [main] o.a.c.c.C.[Tomcat].[localhost].[/]       : Initializing Spring embedded WebApplicationContext
2020-12-11 14:14:19.285  INFO 7524 --- [main] w.s.c.ServletWebServerApplicationContext : Root WebApplicationContext: initialization completed in 1016 ms
2020-12-11 14:14:19.502  INFO 7524 --- [main] o.s.s.concurrent.ThreadPoolTaskExecutor  : Initializing ExecutorService 'applicationTaskExecutor'
2020-12-11 14:14:19.861  INFO 7524 --- [main] o.s.s.web.DefaultSecurityFilterChain     : Will secure any request with [org.springframework.security.web.context.request.async.WebAsyncManagerIntegrationFilter@1005a0b, org.springframework.security.web.context.SecurityContextPersistenceFilter@1c93ca4, org.springframework.security.web.header.HeaderWriterFilter@32034a, org.springframework.security.web.csrf.CsrfFilter@d79cba, org.springframework.security.web.authentication.logout.LogoutFilter@506c0d, org.springframework.security.web.authentication.UsernamePasswordAuthenticationFilter@11505e7, org.springframework.security.web.authentication.ui.DefaultLoginPageGeneratingFilter@1631962, org.springframework.security.web.authentication.ui.DefaultLogoutPageGeneratingFilter@1e879d, org.springframework.security.web.authentication.www.BasicAuthenticationFilter@18270b2, org.springframework.security.web.savedrequest.RequestCacheAwareFilter@13373b4, org.springframework.security.web.servletapi.SecurityContextHolderAwareRequestFilter@a9a4f1, org.springframework.security.web.authentication.AnonymousAuthenticationFilter@9d724c, org.springframework.security.web.session.SessionManagementFilter@e5272, org.springframework.security.web.access.ExceptionTranslationFilter@fabd0f, org.springframework.security.web.access.intercept.FilterSecurityInterceptor@192c349]
2020-12-11 14:14:19.934  INFO 7524 --- [main] o.s.b.w.embedded.tomcat.TomcatWebServer  : Tomcat started on port(s): 8080 (http) with context path ''
2020-12-11 14:14:19.950  INFO 7524 --- [main] security.SecurityApplication             : Started SecurityApplication in 2.339 seconds (JVM running for 3.848)
2020-12-11 14:14:49.908  INFO 7524 --- [http-nio-8080-exec-1] o.a.c.c.C.[Tomcat].[localhost].[/]       : Initializing Spring DispatcherServlet 'dispatcherServlet'
2020-12-11 14:14:49.908  INFO 7524 --- [http-nio-8080-exec-1] o.s.web.servlet.DispatcherServlet        : Initializing Servlet 'dispatcherServlet'
2020-12-11 14:14:49.910  INFO 7524 --- [http-nio-8080-exec-1] o.s.web.servlet.DispatcherServlet        : Completed initialization in 2 ms
2020-12-11 14:31:36.418  INFO 1240 --- [main] security.SecurityApplication             : Starting SecurityApplication using Java 1.8.0_65 on DESKTOP-GBFCAQB with PID 1240 (G:\java\security\target\classes started by 17694 in G:\java)
2020-12-11 14:31:36.422  INFO 1240 --- [main] security.SecurityApplication             : No active profile set, falling back to default profiles: default
2020-12-11 14:31:37.417  INFO 1240 --- [main] o.s.b.w.embedded.tomcat.TomcatWebServer  : Tomcat initialized with port(s): 8080 (http)
2020-12-11 14:31:37.426  INFO 1240 --- [main] o.apache.catalina.core.StandardService   : Starting service [Tomcat]
2020-12-11 14:31:37.426  INFO 1240 --- [main] org.apache.catalina.core.StandardEngine  : Starting Servlet engine: [Apache Tomcat/9.0.39]
2020-12-11 14:31:37.501  INFO 1240 --- [main] o.a.c.c.C.[Tomcat].[localhost].[/]       : Initializing Spring embedded WebApplicationContext
2020-12-11 14:31:37.501  INFO 1240 --- [main] w.s.c.ServletWebServerApplicationContext : Root WebApplicationContext: initialization completed in 1005 ms
2020-12-11 14:31:37.770  INFO 1240 --- [main] o.s.s.concurrent.ThreadPoolTaskExecutor  : Initializing ExecutorService 'applicationTaskExecutor'
2020-12-11 14:31:38.057  INFO 1240 --- [main] o.s.s.web.DefaultSecurityFilterChain     : Will secure any request with [org.springframework.security.web.context.request.async.WebAsyncManagerIntegrationFilter@6c18ad, org.springframework.security.web.context.SecurityContextPersistenceFilter@1fb7a32, org.springframework.security.web.header.HeaderWriterFilter@9d724c, org.springframework.security.web.csrf.CsrfFilter@1f8669d, org.springframework.security.web.authentication.logout.LogoutFilter@1c04377, org.springframework.security.web.authentication.UsernamePasswordAuthenticationFilter@e7dffa, org.springframework.security.web.authentication.ui.DefaultLoginPageGeneratingFilter@190f46e, org.springframework.security.web.authentication.ui.DefaultLogoutPageGeneratingFilter@8604bf, org.springframework.security.web.authentication.www.BasicAuthenticationFilter@7cb51, org.springframework.security.web.savedrequest.RequestCacheAwareFilter@e22a53, org.springframework.security.web.servletapi.SecurityContextHolderAwareRequestFilter@c3205a, org.springframework.security.web.authentication.AnonymousAuthenticationFilter@95ab4, org.springframework.security.web.session.SessionManagementFilter@4d2696, org.springframework.security.web.access.ExceptionTranslationFilter@18270b2, org.springframework.security.web.access.intercept.FilterSecurityInterceptor@6b18fd]
2020-12-11 14:31:38.113  INFO 1240 --- [main] o.s.b.w.embedded.tomcat.TomcatWebServer  : Tomcat started on port(s): 8080 (http) with context path ''
2020-12-11 14:31:38.123  INFO 1240 --- [main] security.SecurityApplication             : Started SecurityApplication in 2.277 seconds (JVM running for 3.514)
2020-12-11 15:25:30.951  INFO 9556 --- [main] security.SecurityApplication             : Starting SecurityApplication using Java 1.8.0_65 on DESKTOP-GBFCAQB with PID 9556 (G:\java\security\target\classes started by 17694 in G:\java)
2020-12-11 15:25:30.955  INFO 9556 --- [main] security.SecurityApplication             : No active profile set, falling back to default profiles: default
2020-12-11 15:25:31.951  INFO 9556 --- [main] o.s.b.w.embedded.tomcat.TomcatWebServer  : Tomcat initialized with port(s): 8080 (http)
2020-12-11 15:25:31.960  INFO 9556 --- [main] o.apache.catalina.core.StandardService   : Starting service [Tomcat]
2020-12-11 15:25:31.961  INFO 9556 --- [main] org.apache.catalina.core.StandardEngine  : Starting Servlet engine: [Apache Tomcat/9.0.39]
2020-12-11 15:25:32.039  INFO 9556 --- [main] o.a.c.c.C.[Tomcat].[localhost].[/]       : Initializing Spring embedded WebApplicationContext
2020-12-11 15:25:32.040  INFO 9556 --- [main] w.s.c.ServletWebServerApplicationContext : Root WebApplicationContext: initialization completed in 1021 ms
2020-12-11 15:25:32.334  INFO 9556 --- [main] o.s.s.concurrent.ThreadPoolTaskExecutor  : Initializing ExecutorService 'applicationTaskExecutor'
2020-12-11 15:25:32.628  INFO 9556 --- [main] o.s.s.web.DefaultSecurityFilterChain     : Will secure any request with [org.springframework.security.web.context.request.async.WebAsyncManagerIntegrationFilter@6621c4, org.springframework.security.web.context.SecurityContextPersistenceFilter@1c76850, org.springframework.security.web.header.HeaderWriterFilter@149309d, org.springframework.security.web.csrf.CsrfFilter@1fdd1f2, org.springframework.security.web.authentication.logout.LogoutFilter@98d37d, org.springframework.security.web.authentication.UsernamePasswordAuthenticationFilter@27cb34, org.springframework.security.web.authentication.ui.DefaultLoginPageGeneratingFilter@15db78, org.springframework.security.web.authentication.ui.DefaultLogoutPageGeneratingFilter@1f89b8, org.springframework.security.web.authentication.www.BasicAuthenticationFilter@aad6db, org.springframework.security.web.savedrequest.RequestCacheAwareFilter@22ad2b, org.springframework.security.web.servletapi.SecurityContextHolderAwareRequestFilter@1798e84, org.springframework.security.web.authentication.AnonymousAuthenticationFilter@1339eae, org.springframework.security.web.session.SessionManagementFilter@19a78d7, org.springframework.security.web.access.ExceptionTranslationFilter@1fb7a32, org.springframework.security.web.access.intercept.FilterSecurityInterceptor@e7dffa]
2020-12-11 15:25:32.687  INFO 9556 --- [main] o.s.b.w.embedded.tomcat.TomcatWebServer  : Tomcat started on port(s): 8080 (http) with context path ''
2020-12-11 15:25:32.699  INFO 9556 --- [main] security.SecurityApplication             : Started SecurityApplication in 2.31 seconds (JVM running for 3.593)
2020-12-11 15:25:40.054  INFO 9556 --- [http-nio-8080-exec-1] o.a.c.c.C.[Tomcat].[localhost].[/]       : Initializing Spring DispatcherServlet 'dispatcherServlet'
2020-12-11 15:25:40.054  INFO 9556 --- [http-nio-8080-exec-1] o.s.web.servlet.DispatcherServlet        : Initializing Servlet 'dispatcherServlet'
2020-12-11 15:25:40.056  INFO 9556 --- [http-nio-8080-exec-1] o.s.web.servlet.DispatcherServlet        : Completed initialization in 1 ms
