2020-12-11 14:04:29.127  INFO 9160 --- [main] security.SecurityApplication             : Starting SecurityApplication using Java 1.8.0_65 on DESKTOP-GBFCAQB with PID 9160 (G:\java\security\target\classes started by 17694 in G:\java)
2020-12-11 14:04:29.131  INFO 9160 --- [main] security.SecurityApplication             : No active profile set, falling back to default profiles: default
2020-12-11 14:04:30.197  INFO 9160 --- [main] o.s.b.w.embedded.tomcat.TomcatWebServer  : Tomcat initialized with port(s): 8080 (http)
2020-12-11 14:04:30.212  INFO 9160 --- [main] o.apache.catalina.core.StandardService   : Starting service [Tomcat]
2020-12-11 14:04:30.212  INFO 9160 --- [main] org.apache.catalina.core.StandardEngine  : Starting Servlet engine: [Apache Tomcat/9.0.39]
2020-12-11 14:04:30.298  INFO 9160 --- [main] o.a.c.c.C.[Tomcat].[localhost].[/]       : Initializing Spring embedded WebApplicationContext
2020-12-11 14:04:30.299  INFO 9160 --- [main] w.s.c.ServletWebServerApplicationContext : Root WebApplicationContext: initialization completed in 1105 ms
2020-12-11 14:04:30.547  INFO 9160 --- [main] o.s.s.concurrent.ThreadPoolTaskExecutor  : Initializing ExecutorService 'applicationTaskExecutor'
2020-12-11 14:04:30.736  INFO 9160 --- [main] .s.s.UserDetailsServiceAutoConfiguration : 

Using generated security password: 4e5998d1-e5fa-4446-9d34-197ef040407a

2020-12-11 14:04:30.902  INFO 9160 --- [main] o.s.s.web.DefaultSecurityFilterChain     : Will secure any request with [org.springframework.security.web.context.request.async.WebAsyncManagerIntegrationFilter@f7aad, org.springframework.security.web.context.SecurityContextPersistenceFilter@b6319f, org.springframework.security.web.header.HeaderWriterFilter@1da207f, org.springframework.security.web.csrf.CsrfFilter@1047d7d, org.springframework.security.web.authentication.logout.LogoutFilter@1569ebd, org.springframework.security.web.authentication.UsernamePasswordAuthenticationFilter@1b1a8f6, org.springframework.security.web.authentication.ui.DefaultLoginPageGeneratingFilter@1f8469, org.springframework.security.web.authentication.ui.DefaultLogoutPageGeneratingFilter@1fb7a32, org.springframework.security.web.authentication.www.BasicAuthenticationFilter@104f67f, org.springframework.security.web.savedrequest.RequestCacheAwareFilter@a9a4f1, org.springframework.security.web.servletapi.SecurityContextHolderAwareRequestFilter@15a34b4, org.springframework.security.web.authentication.AnonymousAuthenticationFilter@17cc1fc, org.springframework.security.web.session.SessionManagementFilter@d10481, org.springframework.security.web.access.ExceptionTranslationFilter@de58ea, org.springframework.security.web.access.intercept.FilterSecurityInterceptor@ba7e45]
2020-12-11 14:04:30.983  INFO 9160 --- [main] o.s.b.w.embedded.tomcat.TomcatWebServer  : Tomcat started on port(s): 8080 (http) with context path ''
2020-12-11 14:04:30.994  INFO 9160 --- [main] security.SecurityApplication             : Started SecurityApplication in 2.582 seconds (JVM running for 4.156)
2020-12-11 14:04:45.751  INFO 268 --- [main] security.SecurityApplication             : Starting SecurityApplication using Java 1.8.0_65 on DESKTOP-GBFCAQB with PID 268 (G:\java\security\target\classes started by 17694 in G:\java)
2020-12-11 14:04:45.756  INFO 268 --- [main] security.SecurityApplication             : No active profile set, falling back to default profiles: default
2020-12-11 14:04:46.742  INFO 268 --- [main] o.s.b.w.embedded.tomcat.TomcatWebServer  : Tomcat initialized with port(s): 8080 (http)
2020-12-11 14:04:46.754  INFO 268 --- [main] o.apache.catalina.core.StandardService   : Starting service [Tomcat]
2020-12-11 14:04:46.754  INFO 268 --- [main] org.apache.catalina.core.StandardEngine  : Starting Servlet engine: [Apache Tomcat/9.0.39]
2020-12-11 14:04:46.828  INFO 268 --- [main] o.a.c.c.C.[Tomcat].[localhost].[/]       : Initializing Spring embedded WebApplicationContext
2020-12-11 14:04:46.828  INFO 268 --- [main] w.s.c.ServletWebServerApplicationContext : Root WebApplicationContext: initialization completed in 1005 ms
2020-12-11 14:04:47.054  INFO 268 --- [main] o.s.s.concurrent.ThreadPoolTaskExecutor  : Initializing ExecutorService 'applicationTaskExecutor'
2020-12-11 14:04:47.258  INFO 268 --- [main] .s.s.UserDetailsServiceAutoConfiguration : 

Using generated security password: 0f972632-9a34-41fb-b4fd-5101d2c64311

2020-12-11 14:04:47.369  INFO 268 --- [main] o.s.s.web.DefaultSecurityFilterChain     : Will secure any request with [org.springframework.security.web.context.request.async.WebAsyncManagerIntegrationFilter@104f67f, org.springframework.security.web.context.SecurityContextPersistenceFilter@d10481, org.springframework.security.web.header.HeaderWriterFilter@1755813, org.springframework.security.web.csrf.CsrfFilter@35a578, org.springframework.security.web.authentication.logout.LogoutFilter@a70627, org.springframework.security.web.authentication.UsernamePasswordAuthenticationFilter@b0f763, org.springframework.security.web.authentication.ui.DefaultLoginPageGeneratingFilter@1569ebd, org.springframework.security.web.authentication.ui.DefaultLogoutPageGeneratingFilter@4d2696, org.springframework.security.web.authentication.www.BasicAuthenticationFilter@1e879d, org.springframework.security.web.savedrequest.RequestCacheAwareFilter@b6319f, org.springframework.security.web.servletapi.SecurityContextHolderAwareRequestFilter@985696, org.springframework.security.web.authentication.AnonymousAuthenticationFilter@f7aad, org.springframework.security.web.session.SessionManagementFilter@1da207f, org.springframework.security.web.access.ExceptionTranslationFilter@151da2a, org.springframework.security.web.access.intercept.FilterSecurityInterceptor@1e25526]
2020-12-11 14:04:47.447  INFO 268 --- [main] o.s.b.w.embedded.tomcat.TomcatWebServer  : Tomcat started on port(s): 8080 (http) with context path ''
2020-12-11 14:04:47.463  INFO 268 --- [main] security.SecurityApplication             : Started SecurityApplication in 2.411 seconds (JVM running for 3.793)
2020-12-11 14:09:34.063  INFO 268 --- [http-nio-8080-exec-1] o.a.c.c.C.[Tomcat].[localhost].[/]       : Initializing Spring DispatcherServlet 'dispatcherServlet'
2020-12-11 14:09:34.063  INFO 268 --- [http-nio-8080-exec-1] o.s.web.servlet.DispatcherServlet        : Initializing Servlet 'dispatcherServlet'
2020-12-11 14:09:34.064  INFO 268 --- [http-nio-8080-exec-1] o.s.web.servlet.DispatcherServlet        : Completed initialization in 1 ms
